<?xml version="1.0" encoding="UTF-8"?>
<testsuite xmlns:xsi="http://www.w3.org/2001/XMLSchema-instance" xsi:noNamespaceSchemaLocation="https://maven.apache.org/surefire/maven-surefire-plugin/xsd/surefire-test-report.xsd" version="3.0.2" name="br.edu.fateczl.frota.FrotaApplicationTests" time="5.568" tests="1" errors="0" skipped="0" failures="0">
  <properties>
[...]
</properties>
  <testcase name="contextLoads" classname="br.edu.fateczl.frota.FrotaApplicationTests" time="0.321">
    <system-out><![CDATA[16:30:41.743 [main] INFO org.springframework.test.context.support.AnnotationConfigContextLoaderUtils -- Could not detect default configuration classes for test class [br.edu.fateczl.frota.FrotaApplicationTests]: FrotaApplicationTests does not declare any static, non-private, non-final, nested classes annotated with @Configuration.
16:30:41.868 [main] INFO org.springframework.boot.test.context.SpringBootTestContextBootstrapper -- Found @SpringBootConfiguration br.edu.fateczl.frota.FrotaApplication for test class br.edu.fateczl.frota.FrotaApplicationTests
16:30:42.030 [main] INFO org.springframework.boot.devtools.restart.RestartApplicationListener -- Restart disabled due to context in which it is running

  .   ____          _            __ _ _
 /\\ / ___'_ __ _ _(_)_ __  __ _ \ \ \ \
( ( )\___ | '_ | '_| | '_ \/ _` | \ \ \ \
 \\/  ___)| |_)| | | | | || (_| |  ) ) ) )
  '  |____| .__|_| |_|_| |_\__, | / / / /
 =========|_|==============|___/=/_/_/_/

 :: Spring Boot ::                (v3.5.7)

2025-10-30T16:30:42.345-03:00  INFO 14872 --- [frota] [           main] b.e.fateczl.frota.FrotaApplicationTests  : Starting FrotaApplicationTests using Java 21.0.7 with PID 14872 (started by Paulo in C:\Dev\repos\frota)
2025-10-30T16:30:42.347-03:00  INFO 14872 --- [frota] [           main] b.e.fateczl.frota.FrotaApplicationTests  : No active profile set, falling back to 1 default profile: "default"
2025-10-30T16:30:43.084-03:00  INFO 14872 --- [frota] [           main] .s.d.r.c.RepositoryConfigurationDelegate : Bootstrapping Spring Data JPA repositories in DEFAULT mode.
2025-10-30T16:30:43.150-03:00  INFO 14872 --- [frota] [           main] .s.d.r.c.RepositoryConfigurationDelegate : Finished Spring Data repository scanning in 55 ms. Found 5 JPA repository interfaces.
2025-10-30T16:30:43.657-03:00  INFO 14872 --- [frota] [           main] o.hibernate.jpa.internal.util.LogHelper  : HHH000204: Processing PersistenceUnitInfo [name: default]
2025-10-30T16:30:43.733-03:00  INFO 14872 --- [frota] [           main] org.hibernate.Version                    : HHH000412: Hibernate ORM core version 6.6.33.Final
2025-10-30T16:30:43.773-03:00  INFO 14872 --- [frota] [           main] o.h.c.internal.RegionFactoryInitiator    : HHH000026: Second-level cache disabled
2025-10-30T16:30:44.120-03:00  INFO 14872 --- [frota] [           main] o.s.o.j.p.SpringPersistenceUnitInfo      : No LoadTimeWeaver setup: ignoring JPA class transformer
2025-10-30T16:30:44.149-03:00  INFO 14872 --- [frota] [           main] com.zaxxer.hikari.HikariDataSource       : HikariPool-1 - Starting...
2025-10-30T16:30:44.473-03:00  INFO 14872 --- [frota] [           main] com.zaxxer.hikari.pool.HikariPool        : HikariPool-1 - Added connection ConnectionID:1 ClientConnectionId: 277f54d2-ad43-49d3-b910-f9b218b1dece
2025-10-30T16:30:44.475-03:00  INFO 14872 --- [frota] [           main] com.zaxxer.hikari.HikariDataSource       : HikariPool-1 - Start completed.
2025-10-30T16:30:44.513-03:00  WARN 14872 --- [frota] [           main] org.hibernate.orm.deprecation            : HHH90000025: SQLServerDialect does not need to be specified explicitly using 'hibernate.dialect' (remove the property setting and it will be selected by default)
2025-10-30T16:30:44.540-03:00  INFO 14872 --- [frota] [           main] org.hibernate.orm.connections.pooling    : HHH10001005: Database info:
	Database JDBC URL [Connecting through datasource 'HikariDataSource (HikariPool-1)']
	Database driver: undefined/unknown
	Database version: 16.0
	Autocommit mode: undefined/unknown
	Isolation level: undefined/unknown
	Minimum pool size: undefined/unknown
	Maximum pool size: undefined/unknown
2025-10-30T16:30:45.399-03:00  INFO 14872 --- [frota] [           main] o.h.e.t.j.p.i.JtaPlatformInitiator       : HHH000489: No JTA platform available (set 'hibernate.transaction.jta.platform' to enable JTA platform integration)
2025-10-30T16:30:45.755-03:00  INFO 14872 --- [frota] [           main] j.LocalContainerEntityManagerFactoryBean : Initialized JPA EntityManagerFactory for persistence unit 'default'
2025-10-30T16:30:46.374-03:00  WARN 14872 --- [frota] [           main] JpaBaseConfiguration$JpaWebConfiguration : spring.jpa.open-in-view is enabled by default. Therefore, database queries may be performed during view rendering. Explicitly configure spring.jpa.open-in-view to disable this warning
2025-10-30T16:30:46.398-03:00  INFO 14872 --- [frota] [           main] o.s.b.a.w.s.WelcomePageHandlerMapping    : Adding welcome page template: index
2025-10-30T16:30:46.455-03:00 TRACE 14872 --- [frota] [           main] s.w.s.m.m.a.RequestMappingHandlerMapping : 
	b.e.f.f.c.CaixaController:
	{POST [/caixa/listar]}: listarCaixas(Model)
	{GET [/caixa]}: carregarForm(Model)
	{POST [/caixa/atualizar]}: atualizarCaixa(CaixaDTO,Model)
	{POST [/caixa/excluir]}: excluirCaixa(Long,Model)
	{POST [/caixa/buscar]}: buscarCaixaPorId(Long,Model)
	{POST [/caixa/criar]}: criarCaixa(CaixaDTO,Model)
2025-10-30T16:30:46.468-03:00 TRACE 14872 --- [frota] [           main] s.w.s.m.m.a.RequestMappingHandlerMapping : 
	b.e.f.f.c.CaminhaoController:
	{GET [/caminhao/delete/{id}]}: deleteTutorial(Long,Model,RedirectAttributes)
	{GET [/caminhao/formulario]}: mostrarFormulario(Long,Model)
	{POST [/caminhao/salvar]}: salvar(AtualizacaoCaminhao,BindingResult,RedirectAttributes,Model)
	{GET [/caminhao/formulario/{id}]}: carregaPaginaFormulario(Long,Model,RedirectAttributes)
	{GET [/caminhao]}: carregaPaginaFormulario(Model)
2025-10-30T16:30:46.474-03:00 TRACE 14872 --- [frota] [           main] s.w.s.m.m.a.RequestMappingHandlerMapping : 
	b.e.f.f.MainController:
	{GET [/]}: index()
2025-10-30T16:30:46.474-03:00 TRACE 14872 --- [frota] [           main] s.w.s.m.m.a.RequestMappingHandlerMapping : 
	b.e.f.f.m.MarcaController:
	{DELETE [/marca]}: excluir(Long)
	{POST [/marca]}: cadastrar(DadosCadastroMarca)
	{PUT [/marca]}: atualizar(DadosAtualizacaoMarca)
	{GET [/marca/formulario]}: carregaPaginaFormulario(Long,Model)
	{GET [/marca]}: carregaPaginaListagem(Model)
2025-10-30T16:30:46.474-03:00 TRACE 14872 --- [frota] [           main] s.w.s.m.m.a.RequestMappingHandlerMapping : 
	b.e.f.f.s.SolicitacaoController:
	{GET [/solicitacao]}: mostrarFormulario()
	{POST [/solicitacao/finalizar]}: finalizarSolicitacao(Long,SolicitacaoRequest,Model)
	{POST [/solicitacao/enviar]}: processarSolicitacao(SolicitacaoRequest,Model)
2025-10-30T16:30:46.474-03:00 TRACE 14872 --- [frota] [           main] s.w.s.m.m.a.RequestMappingHandlerMapping : 
	o.s.b.a.w.s.e.BasicErrorController:
	{ [/error]}: error(HttpServletRequest)
	{ [/error], produces [text/html]}: errorHtml(HttpServletRequest,HttpServletResponse)
2025-10-30T16:30:46.485-03:00 DEBUG 14872 --- [frota] [           main] s.w.s.m.m.a.RequestMappingHandlerMapping : 22 mappings in 'requestMappingHandlerMapping'
2025-10-30T16:30:46.795-03:00  INFO 14872 --- [frota] [           main] b.e.fateczl.frota.FrotaApplicationTests  : Started FrotaApplicationTests in 4.776 seconds (process running for 5.808)
]]></system-out>
    <system-err><![CDATA[Mockito is currently self-attaching to enable the inline-mock-maker. This will no longer work in future releases of the JDK. Please add Mockito as an agent to your build as described in Mockito's documentation: https://javadoc.io/doc/org.mockito/mockito-core/latest/org.mockito/org/mockito/Mockito.html#0.3
WARNING: A Java agent has been loaded dynamically (C:\Users\Paulo\.m2\repository\net\bytebuddy\byte-buddy-agent\1.17.8\byte-buddy-agent-1.17.8.jar)
WARNING: If a serviceability tool is in use, please run with -XX:+EnableDynamicAgentLoading to hide this warning
WARNING: If a serviceability tool is not in use, please run with -Djdk.instrument.traceUsage for more information
WARNING: Dynamic loading of agents will be disallowed by default in a future release
]]></system-err>
  </testcase>
</testsuite>